# JRE version: Java(TM) SE Runtime Environment (8.0_111-b14) (build 1.8.0_111-b14)
# Java VM: Java HotSpot(TM) 64-Bit Server VM (25.111-b14 mixed mode windows-amd64 compressed oops)
Heap:
 PSYoungGen      total 201216K, used 22919K [0x00000000eab00000, 0x00000000f9380000, 0x0000000100000000)
  eden space 180224K, 12% used [0x00000000eab00000,0x00000000ec161f98,0x00000000f5b00000)
  from space 20992K, 0% used [0x00000000f7100000,0x00000000f7100000,0x00000000f8580000)
  to   space 22528K, 0% used [0x00000000f5b00000,0x00000000f5b00000,0x00000000f7100000)
 ParOldGen       total 153088K, used 34218K [0x00000000c0000000, 0x00000000c9580000, 0x00000000eab00000)
  object space 153088K, 22% used [0x00000000c0000000,0x00000000c216a9b0,0x00000000c9580000)
 Metaspace       used 58782K, capacity 60384K, committed 60544K, reserved 1101824K
  class space    used 7904K, capacity 8258K, committed 8320K, reserved 1048576K
GC Heap History (10 events):
Event: 10.264 GC heap before
{Heap before GC invocations=11 (full 2):
 PSYoungGen      total 135680K, used 124416K [0x00000000eab00000, 0x00000000f4300000, 0x0000000100000000)
  eden space 124416K, 100% used [0x00000000eab00000,0x00000000f2480000,0x00000000f2480000)
  from space 11264K, 0% used [0x00000000f2f80000,0x00000000f2f80000,0x00000000f3a80000)
  to   space 11264K, 0% used [0x00000000f2480000,0x00000000f2480000,0x00000000f2f80000)
 ParOldGen       total 101888K, used 14798K [0x00000000c0000000, 0x00000000c6380000, 0x00000000eab00000)
  object space 101888K, 14% used [0x00000000c0000000,0x00000000c0e73b88,0x00000000c6380000)
 Metaspace       used 42977K, capacity 43870K, committed 44288K, reserved 1087488K
  class space    used 5842K, capacity 6093K, committed 6144K, reserved 1048576K
Event: 10.278 GC heap after
Heap after GC invocations=11 (full 2):
 PSYoungGen      total 135680K, used 10581K [0x00000000eab00000, 0x00000000f5a00000, 0x0000000100000000)
  eden space 124416K, 0% used [0x00000000eab00000,0x00000000eab00000,0x00000000f2480000)
  from space 11264K, 93% used [0x00000000f2480000,0x00000000f2ed54e8,0x00000000f2f80000)
  to   space 12288K, 0% used [0x00000000f4e00000,0x00000000f4e00000,0x00000000f5a00000)
 ParOldGen       total 101888K, used 14870K [0x00000000c0000000, 0x00000000c6380000, 0x00000000eab00000)
  object space 101888K, 14% used [0x00000000c0000000,0x00000000c0e85b98,0x00000000c6380000)
 Metaspace       used 42977K, capacity 43870K, committed 44288K, reserved 1087488K
  class space    used 5842K, capacity 6093K, committed 6144K, reserved 1048576K
}
Event: 12.833 GC heap before
{Heap before GC invocations=12 (full 2):
 PSYoungGen      total 135680K, used 134997K [0x00000000eab00000, 0x00000000f5a00000, 0x0000000100000000)
  eden space 124416K, 100% used [0x00000000eab00000,0x00000000f2480000,0x00000000f2480000)
  from space 11264K, 93% used [0x00000000f2480000,0x00000000f2ed54e8,0x00000000f2f80000)
  to   space 12288K, 0% used [0x00000000f4e00000,0x00000000f4e00000,0x00000000f5a00000)
 ParOldGen       total 101888K, used 14870K [0x00000000c0000000, 0x00000000c6380000, 0x00000000eab00000)
  object space 101888K, 14% used [0x00000000c0000000,0x00000000c0e85b98,0x00000000c6380000)
 Metaspace       used 49674K, capacity 50904K, committed 51072K, reserved 1093632K
  class space    used 6792K, capacity 7040K, committed 7040K, reserved 1048576K
Event: 12.862 GC heap after
Heap after GC invocations=12 (full 2):
 PSYoungGen      total 162816K, used 12277K [0x00000000eab00000, 0x00000000f6000000, 0x0000000100000000)
  eden space 150528K, 0% used [0x00000000eab00000,0x00000000eab00000,0x00000000f3e00000)
  from space 12288K, 99% used [0x00000000f4e00000,0x00000000f59fd560,0x00000000f5a00000)
  to   space 16384K, 0% used [0x00000000f3e00000,0x00000000f3e00000,0x00000000f4e00000)
 ParOldGen       total 101888K, used 22842K [0x00000000c0000000, 0x00000000c6380000, 0x00000000eab00000)
  object space 101888K, 22% used [0x00000000c0000000,0x00000000c164eb80,0x00000000c6380000)
 Metaspace       used 49674K, capacity 50904K, committed 51072K, reserved 1093632K
  class space    used 6792K, capacity 7040K, committed 7040K, reserved 1048576K
}
Event: 17.114 GC heap before
{Heap before GC invocations=13 (full 2):
 PSYoungGen      total 162816K, used 162805K [0x00000000eab00000, 0x00000000f6000000, 0x0000000100000000)
  eden space 150528K, 100% used [0x00000000eab00000,0x00000000f3e00000,0x00000000f3e00000)
  from space 12288K, 99% used [0x00000000f4e00000,0x00000000f59fd560,0x00000000f5a00000)
  to   space 16384K, 0% used [0x00000000f3e00000,0x00000000f3e00000,0x00000000f4e00000)
 ParOldGen       total 101888K, used 22842K [0x00000000c0000000, 0x00000000c6380000, 0x00000000eab00000)
  object space 101888K, 22% used [0x00000000c0000000,0x00000000c164eb80,0x00000000c6380000)
 Metaspace       used 57117K, capacity 58488K, committed 58752K, reserved 1099776K
  class space    used 7682K, capacity 7972K, committed 8064K, reserved 1048576K
Event: 17.146 GC heap after
Heap after GC invocations=13 (full 2):
 PSYoungGen      total 166912K, used 16352K [0x00000000eab00000, 0x00000000f8580000, 0x0000000100000000)
  eden space 150528K, 0% used [0x00000000eab00000,0x00000000eab00000,0x00000000f3e00000)
  from space 16384K, 99% used [0x00000000f3e00000,0x00000000f4df80e0,0x00000000f4e00000)
  to   space 20992K, 0% used [0x00000000f7100000,0x00000000f7100000,0x00000000f8580000)
 ParOldGen       total 101888K, used 29450K [0x00000000c0000000, 0x00000000c6380000, 0x00000000eab00000)
  object space 101888K, 28% used [0x00000000c0000000,0x00000000c1cc2938,0x00000000c6380000)
 Metaspace       used 57117K, capacity 58488K, committed 58752K, reserved 1099776K
  class space    used 7682K, capacity 7972K, committed 8064K, reserved 1048576K
}
Event: 17.664 GC heap before
{Heap before GC invocations=14 (full 2):
 PSYoungGen      total 166912K, used 70102K [0x00000000eab00000, 0x00000000f8580000, 0x0000000100000000)
  eden space 150528K, 35% used [0x00000000eab00000,0x00000000edf7d7c8,0x00000000f3e00000)
  from space 16384K, 99% used [0x00000000f3e00000,0x00000000f4df80e0,0x00000000f4e00000)
  to   space 20992K, 0% used [0x00000000f7100000,0x00000000f7100000,0x00000000f8580000)
 ParOldGen       total 101888K, used 29450K [0x00000000c0000000, 0x00000000c6380000, 0x00000000eab00000)
  object space 101888K, 28% used [0x00000000c0000000,0x00000000c1cc2938,0x00000000c6380000)
 Metaspace       used 57548K, capacity 59010K, committed 59096K, reserved 1099776K
  class space    used 7755K, capacity 8043K, committed 8064K, reserved 1048576K
Event: 17.693 GC heap after
Heap after GC invocations=14 (full 2):
 PSYoungGen      total 201216K, used 16832K [0x00000000eab00000, 0x00000000f9380000, 0x0000000100000000)
  eden space 180224K, 0% used [0x00000000eab00000,0x00000000eab00000,0x00000000f5b00000)
  from space 20992K, 80% used [0x00000000f7100000,0x00000000f81700e0,0x00000000f8580000)
  to   space 22528K, 0% used [0x00000000f5b00000,0x00000000f5b00000,0x00000000f7100000)
 ParOldGen       total 101888K, used 29458K [0x00000000c0000000, 0x00000000c6380000, 0x00000000eab00000)
  object space 101888K, 28% used [0x00000000c0000000,0x00000000c1cc4938,0x00000000c6380000)
 Metaspace       used 57548K, capacity 59010K, committed 59096K, reserved 1099776K
  class space    used 7755K, capacity 8043K, committed 8064K, reserved 1048576K
}
Event: 17.693 GC heap before
{Heap before GC invocations=15 (full 3):
 PSYoungGen      total 201216K, used 16832K [0x00000000eab00000, 0x00000000f9380000, 0x0000000100000000)
  eden space 180224K, 0% used [0x00000000eab00000,0x00000000eab00000,0x00000000f5b00000)
  from space 20992K, 80% used [0x00000000f7100000,0x00000000f81700e0,0x00000000f8580000)
  to   space 22528K, 0% used [0x00000000f5b00000,0x00000000f5b00000,0x00000000f7100000)
 ParOldGen       total 101888K, used 29458K [0x00000000c0000000, 0x00000000c6380000, 0x00000000eab00000)
  object space 101888K, 28% used [0x00000000c0000000,0x00000000c1cc4938,0x00000000c6380000)
 Metaspace       used 57548K, capacity 59010K, committed 59096K, reserved 1099776K
  class space    used 7755K, capacity 8043K, committed 8064K, reserved 1048576K
Event: 18.070 GC heap after
Heap after GC invocations=15 (full 3):
 PSYoungGen      total 201216K, used 0K [0x00000000eab00000, 0x00000000f9380000, 0x0000000100000000)
  eden space 180224K, 0% used [0x00000000eab00000,0x00000000eab00000,0x00000000f5b00000)
  from space 20992K, 0% used [0x00000000f7100000,0x00000000f7100000,0x00000000f8580000)
  to   space 22528K, 0% used [0x00000000f5b00000,0x00000000f5b00000,0x00000000f7100000)
 ParOldGen       total 153088K, used 34218K [0x00000000c0000000, 0x00000000c9580000, 0x00000000eab00000)
  object space 153088K, 22% used [0x00000000c0000000,0x00000000c216a9b0,0x00000000c9580000)
 Metaspace       used 57546K, capacity 59004K, committed 59096K, reserved 1099776K
  class space    used 7754K, capacity 8042K, committed 8064K, reserved 1048576K
}

