# JRE version: Java(TM) SE Runtime Environment (8.0_111-b14) (build 1.8.0_111-b14)
# Java VM: Java HotSpot(TM) 64-Bit Server VM (25.111-b14 mixed mode windows-amd64 compressed oops)
Heap:
 PSYoungGen      total 258048K, used 153491K [0x00000000eab00000, 0x00000000fc580000, 0x0000000100000000)
  eden space 231424K, 63% used [0x00000000eab00000,0x00000000f3ab87e8,0x00000000f8d00000)
  from space 26624K, 23% used [0x00000000fa680000,0x00000000facac678,0x00000000fc080000)
  to   space 26112K, 0% used [0x00000000f8d00000,0x00000000f8d00000,0x00000000fa680000)
 ParOldGen       total 175616K, used 106636K [0x00000000c0000000, 0x00000000cab80000, 0x00000000eab00000)
  object space 175616K, 60% used [0x00000000c0000000,0x00000000c6823160,0x00000000cab80000)
 Metaspace       used 60652K, capacity 62286K, committed 62464K, reserved 1103872K
  class space    used 8093K, capacity 8447K, committed 8448K, reserved 1048576K
GC Heap History (10 events):
Event: 38.181 GC heap before
{Heap before GC invocations=11 (full 2):
 PSYoungGen      total 188416K, used 188385K [0x00000000eab00000, 0x00000000f7780000, 0x0000000100000000)
  eden space 174592K, 100% used [0x00000000eab00000,0x00000000f5580000,0x00000000f5580000)
  from space 13824K, 99% used [0x00000000f6800000,0x00000000f7578728,0x00000000f7580000)
  to   space 17408K, 0% used [0x00000000f5580000,0x00000000f5580000,0x00000000f6680000)
 ParOldGen       total 107008K, used 22445K [0x00000000c0000000, 0x00000000c6880000, 0x00000000eab00000)
  object space 107008K, 20% used [0x00000000c0000000,0x00000000c15eb660,0x00000000c6880000)
 Metaspace       used 51476K, capacity 52866K, committed 53120K, reserved 1095680K
  class space    used 6957K, capacity 7247K, committed 7296K, reserved 1048576K
Event: 38.227 GC heap after
Heap after GC invocations=11 (full 2):
 PSYoungGen      total 192000K, used 17220K [0x00000000eab00000, 0x00000000f9800000, 0x0000000100000000)
  eden space 174592K, 0% used [0x00000000eab00000,0x00000000eab00000,0x00000000f5580000)
  from space 17408K, 98% used [0x00000000f5580000,0x00000000f66511e8,0x00000000f6680000)
  to   space 19456K, 0% used [0x00000000f8500000,0x00000000f8500000,0x00000000f9800000)
 ParOldGen       total 107008K, used 22453K [0x00000000c0000000, 0x00000000c6880000, 0x00000000eab00000)
  object space 107008K, 20% used [0x00000000c0000000,0x00000000c15ed660,0x00000000c6880000)
 Metaspace       used 51476K, capacity 52866K, committed 53120K, reserved 1095680K
  class space    used 6957K, capacity 7247K, committed 7296K, reserved 1048576K
}
Event: 55.803 GC heap before
{Heap before GC invocations=12 (full 2):
 PSYoungGen      total 192000K, used 125074K [0x00000000eab00000, 0x00000000f9800000, 0x0000000100000000)
  eden space 174592K, 61% used [0x00000000eab00000,0x00000000f1453868,0x00000000f5580000)
  from space 17408K, 98% used [0x00000000f5580000,0x00000000f66511e8,0x00000000f6680000)
  to   space 19456K, 0% used [0x00000000f8500000,0x00000000f8500000,0x00000000f9800000)
 ParOldGen       total 107008K, used 22453K [0x00000000c0000000, 0x00000000c6880000, 0x00000000eab00000)
  object space 107008K, 20% used [0x00000000c0000000,0x00000000c15ed660,0x00000000c6880000)
 Metaspace       used 57561K, capacity 59002K, committed 59096K, reserved 1099776K
  class space    used 7731K, capacity 8053K, committed 8064K, reserved 1048576K
Event: 55.870 GC heap after
Heap after GC invocations=12 (full 2):
 PSYoungGen      total 216064K, used 19428K [0x00000000eab00000, 0x00000000fa380000, 0x0000000100000000)
  eden space 196608K, 0% used [0x00000000eab00000,0x00000000eab00000,0x00000000f6b00000)
  from space 19456K, 99% used [0x00000000f8500000,0x00000000f97f9220,0x00000000f9800000)
  to   space 26624K, 0% used [0x00000000f6b00000,0x00000000f6b00000,0x00000000f8500000)
 ParOldGen       total 107008K, used 34948K [0x00000000c0000000, 0x00000000c6880000, 0x00000000eab00000)
  object space 107008K, 32% used [0x00000000c0000000,0x00000000c2221298,0x00000000c6880000)
 Metaspace       used 57561K, capacity 59002K, committed 59096K, reserved 1099776K
  class space    used 7731K, capacity 8053K, committed 8064K, reserved 1048576K
}
Event: 55.870 GC heap before
{Heap before GC invocations=13 (full 3):
 PSYoungGen      total 216064K, used 19428K [0x00000000eab00000, 0x00000000fa380000, 0x0000000100000000)
  eden space 196608K, 0% used [0x00000000eab00000,0x00000000eab00000,0x00000000f6b00000)
  from space 19456K, 99% used [0x00000000f8500000,0x00000000f97f9220,0x00000000f9800000)
  to   space 26624K, 0% used [0x00000000f6b00000,0x00000000f6b00000,0x00000000f8500000)
 ParOldGen       total 107008K, used 34948K [0x00000000c0000000, 0x00000000c6880000, 0x00000000eab00000)
  object space 107008K, 32% used [0x00000000c0000000,0x00000000c2221298,0x00000000c6880000)
 Metaspace       used 57561K, capacity 59002K, committed 59096K, reserved 1099776K
  class space    used 7731K, capacity 8053K, committed 8064K, reserved 1048576K
Event: 56.478 GC heap after
Heap after GC invocations=13 (full 3):
 PSYoungGen      total 216064K, used 0K [0x00000000eab00000, 0x00000000fa380000, 0x0000000100000000)
  eden space 196608K, 0% used [0x00000000eab00000,0x00000000eab00000,0x00000000f6b00000)
  from space 19456K, 0% used [0x00000000f8500000,0x00000000f8500000,0x00000000f9800000)
  to   space 26624K, 0% used [0x00000000f6b00000,0x00000000f6b00000,0x00000000f8500000)
 ParOldGen       total 175616K, used 45500K [0x00000000c0000000, 0x00000000cab80000, 0x00000000eab00000)
  object space 175616K, 25% used [0x00000000c0000000,0x00000000c2c6f350,0x00000000cab80000)
 Metaspace       used 57554K, capacity 58982K, committed 59096K, reserved 1099776K
  class space    used 7729K, capacity 8049K, committed 8064K, reserved 1048576K
}
Event: 60.207 GC heap before
{Heap before GC invocations=14 (full 3):
 PSYoungGen      total 216064K, used 184212K [0x00000000eab00000, 0x00000000fa380000, 0x0000000100000000)
  eden space 196608K, 93% used [0x00000000eab00000,0x00000000f5ee5298,0x00000000f6b00000)
  from space 19456K, 0% used [0x00000000f8500000,0x00000000f8500000,0x00000000f9800000)
  to   space 26624K, 0% used [0x00000000f6b00000,0x00000000f6b00000,0x00000000f8500000)
 ParOldGen       total 175616K, used 45500K [0x00000000c0000000, 0x00000000cab80000, 0x00000000eab00000)
  object space 175616K, 25% used [0x00000000c0000000,0x00000000c2c6f350,0x00000000cab80000)
 Metaspace       used 59131K, capacity 60668K, committed 60800K, reserved 1101824K
  class space    used 7914K, capacity 8260K, committed 8320K, reserved 1048576K
Event: 60.245 GC heap after
Heap after GC invocations=14 (full 3):
 PSYoungGen      total 223232K, used 15438K [0x00000000eab00000, 0x00000000fc080000, 0x0000000100000000)
  eden space 196608K, 0% used [0x00000000eab00000,0x00000000eab00000,0x00000000f6b00000)
  from space 26624K, 57% used [0x00000000f6b00000,0x00000000f7a13860,0x00000000f8500000)
  to   space 26624K, 0% used [0x00000000fa680000,0x00000000fa680000,0x00000000fc080000)
 ParOldGen       total 175616K, used 106628K [0x00000000c0000000, 0x00000000cab80000, 0x00000000eab00000)
  object space 175616K, 60% used [0x00000000c0000000,0x00000000c6821160,0x00000000cab80000)
 Metaspace       used 59131K, capacity 60668K, committed 60800K, reserved 1101824K
  class space    used 7914K, capacity 8260K, committed 8320K, reserved 1048576K
}
Event: 61.180 GC heap before
{Heap before GC invocations=15 (full 3):
 PSYoungGen      total 223232K, used 211686K [0x00000000eab00000, 0x00000000fc080000, 0x0000000100000000)
  eden space 196608K, 99% used [0x00000000eab00000,0x00000000f6aa5fe8,0x00000000f6b00000)
  from space 26624K, 57% used [0x00000000f6b00000,0x00000000f7a13860,0x00000000f8500000)
  to   space 26624K, 0% used [0x00000000fa680000,0x00000000fa680000,0x00000000fc080000)
 ParOldGen       total 175616K, used 106628K [0x00000000c0000000, 0x00000000cab80000, 0x00000000eab00000)
  object space 175616K, 60% used [0x00000000c0000000,0x00000000c6821160,0x00000000cab80000)
 Metaspace       used 59171K, capacity 60746K, committed 61056K, reserved 1101824K
  class space    used 7921K, capacity 8263K, committed 8320K, reserved 1048576K
Event: 61.193 GC heap after
Heap after GC invocations=15 (full 3):
 PSYoungGen      total 258048K, used 6321K [0x00000000eab00000, 0x00000000fc580000, 0x0000000100000000)
  eden space 231424K, 0% used [0x00000000eab00000,0x00000000eab00000,0x00000000f8d00000)
  from space 26624K, 23% used [0x00000000fa680000,0x00000000facac678,0x00000000fc080000)
  to   space 26112K, 0% used [0x00000000f8d00000,0x00000000f8d00000,0x00000000fa680000)
 ParOldGen       total 175616K, used 106636K [0x00000000c0000000, 0x00000000cab80000, 0x00000000eab00000)
  object space 175616K, 60% used [0x00000000c0000000,0x00000000c6823160,0x00000000cab80000)
 Metaspace       used 59171K, capacity 60746K, committed 61056K, reserved 1101824K
  class space    used 7921K, capacity 8263K, committed 8320K, reserved 1048576K
}

