# JRE version: Java(TM) SE Runtime Environment (8.0_111-b14) (build 1.8.0_111-b14)
# Java VM: Java HotSpot(TM) 64-Bit Server VM (25.111-b14 mixed mode windows-amd64 compressed oops)
Heap:
 PSYoungGen      total 225792K, used 163599K [0x00000000eab00000, 0x00000000fa600000, 0x0000000100000000)
  eden space 204288K, 80% used [0x00000000eab00000,0x00000000f4a9bc00,0x00000000f7280000)
  from space 21504K, 0% used [0x00000000f8880000,0x00000000f88a8000,0x00000000f9d80000)
  to   space 22528K, 0% used [0x00000000f7280000,0x00000000f7280000,0x00000000f8880000)
 ParOldGen       total 238080K, used 112508K [0x00000000c0000000, 0x00000000ce880000, 0x00000000eab00000)
  object space 238080K, 47% used [0x00000000c0000000,0x00000000c6ddf298,0x00000000ce880000)
 Metaspace       used 62939K, capacity 64742K, committed 65024K, reserved 1105920K
  class space    used 8275K, capacity 8653K, committed 8704K, reserved 1048576K
GC Heap History (10 events):
Event: 235.809 GC heap before
{Heap before GC invocations=14 (full 3):
 PSYoungGen      total 190464K, used 170496K [0x00000000eab00000, 0x00000000f7d00000, 0x0000000100000000)
  eden space 170496K, 100% used [0x00000000eab00000,0x00000000f5180000,0x00000000f5180000)
  from space 19968K, 0% used [0x00000000f6680000,0x00000000f6680000,0x00000000f7a00000)
  to   space 21504K, 0% used [0x00000000f5180000,0x00000000f5180000,0x00000000f6680000)
 ParOldGen       total 113664K, used 29561K [0x00000000c0000000, 0x00000000c6f00000, 0x00000000eab00000)
  object space 113664K, 26% used [0x00000000c0000000,0x00000000c1cde4e0,0x00000000c6f00000)
 Metaspace       used 54682K, capacity 56170K, committed 56320K, reserved 1097728K
  class space    used 7303K, capacity 7597K, committed 7680K, reserved 1048576K
Event: 235.834 GC heap after
Heap after GC invocations=14 (full 3):
 PSYoungGen      total 192000K, used 11451K [0x00000000eab00000, 0x00000000f8780000, 0x0000000100000000)
  eden space 170496K, 0% used [0x00000000eab00000,0x00000000eab00000,0x00000000f5180000)
  from space 21504K, 53% used [0x00000000f5180000,0x00000000f5caefa8,0x00000000f6680000)
  to   space 20480K, 0% used [0x00000000f7380000,0x00000000f7380000,0x00000000f8780000)
 ParOldGen       total 113664K, used 29569K [0x00000000c0000000, 0x00000000c6f00000, 0x00000000eab00000)
  object space 113664K, 26% used [0x00000000c0000000,0x00000000c1ce04e0,0x00000000c6f00000)
 Metaspace       used 54682K, capacity 56170K, committed 56320K, reserved 1097728K
  class space    used 7303K, capacity 7597K, committed 7680K, reserved 1048576K
}
Event: 246.936 GC heap before
{Heap before GC invocations=15 (full 3):
 PSYoungGen      total 192000K, used 181947K [0x00000000eab00000, 0x00000000f8780000, 0x0000000100000000)
  eden space 170496K, 100% used [0x00000000eab00000,0x00000000f5180000,0x00000000f5180000)
  from space 21504K, 53% used [0x00000000f5180000,0x00000000f5caefa8,0x00000000f6680000)
  to   space 20480K, 0% used [0x00000000f7380000,0x00000000f7380000,0x00000000f8780000)
 ParOldGen       total 113664K, used 29569K [0x00000000c0000000, 0x00000000c6f00000, 0x00000000eab00000)
  object space 113664K, 26% used [0x00000000c0000000,0x00000000c1ce04e0,0x00000000c6f00000)
 Metaspace       used 59291K, capacity 60938K, committed 61312K, reserved 1101824K
  class space    used 7878K, capacity 8193K, committed 8320K, reserved 1048576K
Event: 246.986 GC heap after
Heap after GC invocations=15 (full 3):
 PSYoungGen      total 204288K, used 16586K [0x00000000eab00000, 0x00000000f8900000, 0x0000000100000000)
  eden space 183808K, 0% used [0x00000000eab00000,0x00000000eab00000,0x00000000f5e80000)
  from space 20480K, 80% used [0x00000000f7380000,0x00000000f83b2a98,0x00000000f8780000)
  to   space 21504K, 0% used [0x00000000f5e80000,0x00000000f5e80000,0x00000000f7380000)
 ParOldGen       total 113664K, used 29577K [0x00000000c0000000, 0x00000000c6f00000, 0x00000000eab00000)
  object space 113664K, 26% used [0x00000000c0000000,0x00000000c1ce24e0,0x00000000c6f00000)
 Metaspace       used 59291K, capacity 60938K, committed 61312K, reserved 1101824K
  class space    used 7878K, capacity 8193K, committed 8320K, reserved 1048576K
}
Event: 252.238 GC heap before
{Heap before GC invocations=16 (full 3):
 PSYoungGen      total 204288K, used 200394K [0x00000000eab00000, 0x00000000f8900000, 0x0000000100000000)
  eden space 183808K, 100% used [0x00000000eab00000,0x00000000f5e80000,0x00000000f5e80000)
  from space 20480K, 80% used [0x00000000f7380000,0x00000000f83b2a98,0x00000000f8780000)
  to   space 21504K, 0% used [0x00000000f5e80000,0x00000000f5e80000,0x00000000f7380000)
 ParOldGen       total 113664K, used 29577K [0x00000000c0000000, 0x00000000c6f00000, 0x00000000eab00000)
  object space 113664K, 26% used [0x00000000c0000000,0x00000000c1ce24e0,0x00000000c6f00000)
 Metaspace       used 61585K, capacity 63334K, committed 63616K, reserved 1103872K
  class space    used 8122K, capacity 8469K, committed 8576K, reserved 1048576K
Event: 252.329 GC heap after
Heap after GC invocations=16 (full 3):
 PSYoungGen      total 205312K, used 13257K [0x00000000eab00000, 0x00000000f9d80000, 0x0000000100000000)
  eden space 183808K, 0% used [0x00000000eab00000,0x00000000eab00000,0x00000000f5e80000)
  from space 21504K, 61% used [0x00000000f5e80000,0x00000000f6b724d8,0x00000000f7380000)
  to   space 21504K, 0% used [0x00000000f8880000,0x00000000f8880000,0x00000000f9d80000)
 ParOldGen       total 113664K, used 90704K [0x00000000c0000000, 0x00000000c6f00000, 0x00000000eab00000)
  object space 113664K, 79% used [0x00000000c0000000,0x00000000c58942f0,0x00000000c6f00000)
 Metaspace       used 61585K, capacity 63334K, committed 63616K, reserved 1103872K
  class space    used 8122K, capacity 8469K, committed 8576K, reserved 1048576K
}
Event: 252.329 GC heap before
{Heap before GC invocations=17 (full 4):
 PSYoungGen      total 205312K, used 13257K [0x00000000eab00000, 0x00000000f9d80000, 0x0000000100000000)
  eden space 183808K, 0% used [0x00000000eab00000,0x00000000eab00000,0x00000000f5e80000)
  from space 21504K, 61% used [0x00000000f5e80000,0x00000000f6b724d8,0x00000000f7380000)
  to   space 21504K, 0% used [0x00000000f8880000,0x00000000f8880000,0x00000000f9d80000)
 ParOldGen       total 113664K, used 90704K [0x00000000c0000000, 0x00000000c6f00000, 0x00000000eab00000)
  object space 113664K, 79% used [0x00000000c0000000,0x00000000c58942f0,0x00000000c6f00000)
 Metaspace       used 61585K, capacity 63334K, committed 63616K, reserved 1103872K
  class space    used 8122K, capacity 8469K, committed 8576K, reserved 1048576K
Event: 252.877 GC heap after
Heap after GC invocations=17 (full 4):
 PSYoungGen      total 205312K, used 0K [0x00000000eab00000, 0x00000000f9d80000, 0x0000000100000000)
  eden space 183808K, 0% used [0x00000000eab00000,0x00000000eab00000,0x00000000f5e80000)
  from space 21504K, 0% used [0x00000000f5e80000,0x00000000f5e80000,0x00000000f7380000)
  to   space 21504K, 0% used [0x00000000f8880000,0x00000000f8880000,0x00000000f9d80000)
 ParOldGen       total 238080K, used 79740K [0x00000000c0000000, 0x00000000ce880000, 0x00000000eab00000)
  object space 238080K, 33% used [0x00000000c0000000,0x00000000c4ddf288,0x00000000ce880000)
 Metaspace       used 61585K, capacity 63334K, committed 63616K, reserved 1103872K
  class space    used 8122K, capacity 8469K, committed 8576K, reserved 1048576K
}
Event: 255.591 GC heap before
{Heap before GC invocations=18 (full 4):
 PSYoungGen      total 205312K, used 183451K [0x00000000eab00000, 0x00000000f9d80000, 0x0000000100000000)
  eden space 183808K, 99% used [0x00000000eab00000,0x00000000f5e26c48,0x00000000f5e80000)
  from space 21504K, 0% used [0x00000000f5e80000,0x00000000f5e80000,0x00000000f7380000)
  to   space 21504K, 0% used [0x00000000f8880000,0x00000000f8880000,0x00000000f9d80000)
 ParOldGen       total 238080K, used 79740K [0x00000000c0000000, 0x00000000ce880000, 0x00000000eab00000)
  object space 238080K, 33% used [0x00000000c0000000,0x00000000c4ddf288,0x00000000ce880000)
 Metaspace       used 61634K, capacity 63352K, committed 63616K, reserved 1103872K
  class space    used 8129K, capacity 8472K, committed 8576K, reserved 1048576K
Event: 255.618 GC heap after
Heap after GC invocations=18 (full 4):
 PSYoungGen      total 225792K, used 160K [0x00000000eab00000, 0x00000000fa600000, 0x0000000100000000)
  eden space 204288K, 0% used [0x00000000eab00000,0x00000000eab00000,0x00000000f7280000)
  from space 21504K, 0% used [0x00000000f8880000,0x00000000f88a8000,0x00000000f9d80000)
  to   space 22528K, 0% used [0x00000000f7280000,0x00000000f7280000,0x00000000f8880000)
 ParOldGen       total 238080K, used 112508K [0x00000000c0000000, 0x00000000ce880000, 0x00000000eab00000)
  object space 238080K, 47% used [0x00000000c0000000,0x00000000c6ddf298,0x00000000ce880000)
 Metaspace       used 61634K, capacity 63352K, committed 63616K, reserved 1103872K
  class space    used 8129K, capacity 8472K, committed 8576K, reserved 1048576K
}

